<?xml version="1.0" encoding="UTF-8"?>
<testng-results ignored="0" total="2" passed="2" failed="0" skipped="0">
  <reporter-output>
  </reporter-output>
  <suite started-at="2024-05-29T18:49:13 IST" name="Default suite" finished-at="2024-05-29T18:49:13 IST" duration-ms="124">
    <groups>
    </groups>
    <test started-at="2024-05-29T18:49:13 IST" name="Default test" finished-at="2024-05-29T18:49:13 IST" duration-ms="124">
      <class name="package1.ContactTest1">
        <test-method signature="createContactTest()[pri:0, instance:package1.ContactTest1@1cbbffcd]" started-at="2024-05-29T18:49:13 IST" name="createContactTest" finished-at="2024-05-29T18:49:13 IST" duration-ms="28" status="PASS">
          <reporter-output>
          </reporter-output>
        </test-method> <!-- createContactTest -->
        <test-method signature="modifyContactTest()[pri:0, instance:package1.ContactTest1@1cbbffcd]" started-at="2024-05-29T18:49:13 IST" name="modifyContactTest" finished-at="2024-05-29T18:49:13 IST" duration-ms="3" status="PASS">
          <reporter-output>
          </reporter-output>
        </test-method> <!-- modifyContactTest -->
      </class> <!-- package1.ContactTest1 -->
    </test> <!-- Default test -->
  </suite> <!-- Default suite -->
</testng-results>
